2023-01-30 15:40:48,469 INFO com.example.SpringDemoBot.Application [main] Starting Application on LAPTOP-AOLQCJ4H with PID 10584 (started by Александр in C:\Users\Александр\Desktop\springboot-postgresql-hibernate-crud-example-main)
2023-01-30 15:40:48,472 INFO com.example.SpringDemoBot.Application [main] No active profile set, falling back to default profiles: default
2023-01-30 15:40:48,531 INFO org.springframework.boot.web.servlet.context.AnnotationConfigServletWebServerApplicationContext [main] Refreshing org.springframework.boot.web.servlet.context.AnnotationConfigServletWebServerApplicationContext@5a63f509: startup date [Mon Jan 30 15:40:48 GMT+04:00 2023]; root of context hierarchy
2023-01-30 15:40:50,124 INFO org.springframework.beans.factory.annotation.AutowiredAnnotationBeanPostProcessor [main] JSR-330 'javax.inject.Inject' annotation found and supported for autowiring
2023-01-30 15:40:50,228 INFO org.springframework.context.support.PostProcessorRegistrationDelegate$BeanPostProcessorChecker [main] Bean 'org.springframework.transaction.annotation.ProxyTransactionManagementConfiguration' of type [org.springframework.transaction.annotation.ProxyTransactionManagementConfiguration$$EnhancerBySpringCGLIB$$98a3377c] is not eligible for getting processed by all BeanPostProcessors (for example: not eligible for auto-proxying)
2023-01-30 15:40:51,229 INFO org.springframework.boot.web.embedded.tomcat.TomcatWebServer [main] Tomcat initialized with port(s): 8080 (http)
2023-01-30 15:40:51,243 INFO org.apache.coyote.http11.Http11NioProtocol [main] Initializing ProtocolHandler ["http-nio-8080"]
2023-01-30 15:40:51,252 INFO org.apache.catalina.core.StandardService [main] Starting service [Tomcat]
2023-01-30 15:40:51,253 INFO org.apache.catalina.core.StandardEngine [main] Starting Servlet Engine: Apache Tomcat/8.5.34
2023-01-30 15:40:51,261 INFO org.apache.catalina.core.AprLifecycleListener [localhost-startStop-1] The APR based Apache Tomcat Native library which allows optimal performance in production environments was not found on the java.library.path: [C:\Program Files\Java\jdk1.8.0_311\bin;C:\WINDOWS\Sun\Java\bin;C:\WINDOWS\system32;C:\WINDOWS;C:\Program Files (x86)\Common Files\Oracle\Java\javapath;C:\sql_course\dbhomeXE\bin;C:\Program Files\Rockwell Software\RSCommon;C:\ProgramData\Oracle\Java\javapath;C:\Windows\system32;C:\Windows;C:\Windows\System32\Wbem;C:\Windows\System32\WindowsPowerShell\v1.0\;C:\Windows\System32\OpenSSH\;C:\Program Files\NVIDIA Corporation\NVIDIA NvDLISR;C:\WINDOWS\system32;C:\WINDOWS;C:\WINDOWS\System32\Wbem;C:\WINDOWS\System32\WindowsPowerShell\v1.0\;C:\WINDOWS\System32\OpenSSH\;C:\Program Files\Microsoft SQL Server\150\Tools\Binn\;C:\Program Files\Microsoft SQL Server\Client SDK\ODBC\170\Tools\Binn\;C:\Program Files\dotnet\;C:\Program Files (x86)\Microsoft SQL Server\150\Tools\Binn\;C:\Program Files\Microsoft SQL Server\150\DTS\Binn\;C:\Program Files (x86)\Microsoft SQL Server\150\DTS\Binn\;C:\Program Files\Azure Data Studio\bin;C:\Program Files (x86)\NVIDIA Corporation\PhysX\Common;C:\Program Files\Git\cmd;C:\Program Files\MySQL\MySQL Shell 8.0\bin\;C:\Users\Александр\AppData\Local\Microsoft\WindowsApps;;C:\Program Files\JetBrains\PyCharm 2020.2.1\bin;;C:\Users\Александр\Documents\Новая папка\PyCharm Community Edition 2020.2.2\bin;;C:\Program Files (x86)\INtelij\IntelliJ IDEA Community Edition 2021.3.1\bin;;C:\Program Files (x86)\heroku\bin;C:\Users\Александр\.dotnet\tools;C:\Program Files\Azure Data Studio\bin;.]
2023-01-30 15:40:51,400 INFO org.apache.catalina.core.ContainerBase.[Tomcat].[localhost].[/] [localhost-startStop-1] Initializing Spring embedded WebApplicationContext
2023-01-30 15:40:51,400 INFO org.springframework.web.context.ContextLoader [localhost-startStop-1] Root WebApplicationContext: initialization completed in 2870 ms
2023-01-30 15:40:51,451 INFO org.springframework.boot.web.servlet.ServletRegistrationBean [localhost-startStop-1] Servlet dispatcherServlet mapped to [/]
2023-01-30 15:40:51,453 INFO org.springframework.boot.web.servlet.FilterRegistrationBean [localhost-startStop-1] Mapping filter: 'characterEncodingFilter' to: [/*]
2023-01-30 15:40:51,453 INFO org.springframework.boot.web.servlet.FilterRegistrationBean [localhost-startStop-1] Mapping filter: 'hiddenHttpMethodFilter' to: [/*]
2023-01-30 15:40:51,453 INFO org.springframework.boot.web.servlet.FilterRegistrationBean [localhost-startStop-1] Mapping filter: 'httpPutFormContentFilter' to: [/*]
2023-01-30 15:40:51,453 INFO org.springframework.boot.web.servlet.FilterRegistrationBean [localhost-startStop-1] Mapping filter: 'requestContextFilter' to: [/*]
2023-01-30 15:40:51,632 INFO com.zaxxer.hikari.HikariDataSource [main] HikariPool-1 - Starting...
2023-01-30 15:40:52,642 INFO com.zaxxer.hikari.HikariDataSource [main] HikariPool-1 - Start completed.
2023-01-30 15:40:52,685 INFO org.springframework.orm.jpa.LocalContainerEntityManagerFactoryBean [main] Building JPA container EntityManagerFactory for persistence unit 'default'
2023-01-30 15:40:52,704 INFO org.hibernate.jpa.internal.util.LogHelper [main] HHH000204: Processing PersistenceUnitInfo [
	name: default
	...]
2023-01-30 15:40:52,792 INFO org.hibernate.Version [main] HHH000412: Hibernate Core {5.2.17.Final}
2023-01-30 15:40:52,793 INFO org.hibernate.cfg.Environment [main] HHH000206: hibernate.properties not found
2023-01-30 15:40:52,842 INFO org.hibernate.annotations.common.Version [main] HCANN000001: Hibernate Commons Annotations {5.0.1.Final}
2023-01-30 15:40:52,995 INFO org.hibernate.dialect.Dialect [main] HHH000400: Using dialect: org.hibernate.dialect.PostgreSQLDialect
2023-01-30 15:40:53,275 INFO org.hibernate.engine.jdbc.env.internal.LobCreatorBuilderImpl [main] HHH000424: Disabling contextual LOB creation as createClob() method threw error : java.lang.reflect.InvocationTargetException
java.lang.reflect.InvocationTargetException: null
	at sun.reflect.NativeMethodAccessorImpl.invoke0(Native Method)
	at sun.reflect.NativeMethodAccessorImpl.invoke(NativeMethodAccessorImpl.java:62)
	at sun.reflect.DelegatingMethodAccessorImpl.invoke(DelegatingMethodAccessorImpl.java:43)
	at java.lang.reflect.Method.invoke(Method.java:498)
	at org.hibernate.engine.jdbc.env.internal.LobCreatorBuilderImpl.useContextualLobCreation(LobCreatorBuilderImpl.java:113)
	at org.hibernate.engine.jdbc.env.internal.LobCreatorBuilderImpl.makeLobCreatorBuilder(LobCreatorBuilderImpl.java:54)
	at org.hibernate.engine.jdbc.env.internal.JdbcEnvironmentImpl.<init>(JdbcEnvironmentImpl.java:271)
	at org.hibernate.engine.jdbc.env.internal.JdbcEnvironmentInitiator.initiateService(JdbcEnvironmentInitiator.java:114)
	at org.hibernate.engine.jdbc.env.internal.JdbcEnvironmentInitiator.initiateService(JdbcEnvironmentInitiator.java:35)
	at org.hibernate.boot.registry.internal.StandardServiceRegistryImpl.initiateService(StandardServiceRegistryImpl.java:88)
	at org.hibernate.service.internal.AbstractServiceRegistryImpl.createService(AbstractServiceRegistryImpl.java:259)
	at org.hibernate.service.internal.AbstractServiceRegistryImpl.initializeService(AbstractServiceRegistryImpl.java:233)
	at org.hibernate.service.internal.AbstractServiceRegistryImpl.getService(AbstractServiceRegistryImpl.java:210)
	at org.hibernate.engine.jdbc.internal.JdbcServicesImpl.configure(JdbcServicesImpl.java:51)
	at org.hibernate.boot.registry.internal.StandardServiceRegistryImpl.configureService(StandardServiceRegistryImpl.java:94)
	at org.hibernate.service.internal.AbstractServiceRegistryImpl.initializeService(AbstractServiceRegistryImpl.java:242)
	at org.hibernate.service.internal.AbstractServiceRegistryImpl.getService(AbstractServiceRegistryImpl.java:210)
	at org.hibernate.boot.model.process.spi.MetadataBuildingProcess.handleTypes(MetadataBuildingProcess.java:352)
	at org.hibernate.boot.model.process.spi.MetadataBuildingProcess.complete(MetadataBuildingProcess.java:111)
	at org.hibernate.jpa.boot.internal.EntityManagerFactoryBuilderImpl.metadata(EntityManagerFactoryBuilderImpl.java:861)
	at org.hibernate.jpa.boot.internal.EntityManagerFactoryBuilderImpl.build(EntityManagerFactoryBuilderImpl.java:888)
	at org.springframework.orm.jpa.vendor.SpringHibernateJpaPersistenceProvider.createContainerEntityManagerFactory(SpringHibernateJpaPersistenceProvider.java:57)
	at org.springframework.orm.jpa.LocalContainerEntityManagerFactoryBean.createNativeEntityManagerFactory(LocalContainerEntityManagerFactoryBean.java:365)
	at org.springframework.orm.jpa.AbstractEntityManagerFactoryBean.buildNativeEntityManagerFactory(AbstractEntityManagerFactoryBean.java:390)
	at org.springframework.orm.jpa.AbstractEntityManagerFactoryBean.afterPropertiesSet(AbstractEntityManagerFactoryBean.java:377)
	at org.springframework.orm.jpa.LocalContainerEntityManagerFactoryBean.afterPropertiesSet(LocalContainerEntityManagerFactoryBean.java:341)
	at org.springframework.beans.factory.support.AbstractAutowireCapableBeanFactory.invokeInitMethods(AbstractAutowireCapableBeanFactory.java:1758)
	at org.springframework.beans.factory.support.AbstractAutowireCapableBeanFactory.initializeBean(AbstractAutowireCapableBeanFactory.java:1695)
	at org.springframework.beans.factory.support.AbstractAutowireCapableBeanFactory.doCreateBean(AbstractAutowireCapableBeanFactory.java:573)
	at org.springframework.beans.factory.support.AbstractAutowireCapableBeanFactory.createBean(AbstractAutowireCapableBeanFactory.java:495)
	at org.springframework.beans.factory.support.AbstractBeanFactory.lambda$doGetBean$0(AbstractBeanFactory.java:317)
	at org.springframework.beans.factory.support.DefaultSingletonBeanRegistry.getSingleton(DefaultSingletonBeanRegistry.java:222)
	at org.springframework.beans.factory.support.AbstractBeanFactory.doGetBean(AbstractBeanFactory.java:315)
	at org.springframework.beans.factory.support.AbstractBeanFactory.getBean(AbstractBeanFactory.java:199)
	at org.springframework.context.support.AbstractApplicationContext.getBean(AbstractApplicationContext.java:1089)
	at org.springframework.context.support.AbstractApplicationContext.finishBeanFactoryInitialization(AbstractApplicationContext.java:859)
	at org.springframework.context.support.AbstractApplicationContext.refresh(AbstractApplicationContext.java:550)
	at org.springframework.boot.web.servlet.context.ServletWebServerApplicationContext.refresh(ServletWebServerApplicationContext.java:140)
	at org.springframework.boot.SpringApplication.refresh(SpringApplication.java:780)
	at org.springframework.boot.SpringApplication.refreshContext(SpringApplication.java:412)
	at org.springframework.boot.SpringApplication.run(SpringApplication.java:333)
	at org.springframework.boot.SpringApplication.run(SpringApplication.java:1277)
	at org.springframework.boot.SpringApplication.run(SpringApplication.java:1265)
	at com.example.SpringDemoBot.Application.main(Application.java:11)
Caused by: java.sql.SQLFeatureNotSupportedException: Метод org.postgresql.jdbc.PgConnection.createClob() ещё не реализован
	at org.postgresql.Driver.notImplemented(Driver.java:688)
	at org.postgresql.jdbc.PgConnection.createClob(PgConnection.java:1269)
	... 44 common frames omitted
2023-01-30 15:40:53,276 INFO org.hibernate.type.BasicTypeRegistry [main] HHH000270: Type registration [java.util.UUID] overrides previous : org.hibernate.type.UUIDBinaryType@37ad042b
2023-01-30 15:40:53,773 INFO org.springframework.orm.jpa.LocalContainerEntityManagerFactoryBean [main] Initialized JPA EntityManagerFactory for persistence unit 'default'
2023-01-30 15:40:55,098 INFO org.springframework.web.servlet.handler.SimpleUrlHandlerMapping [main] Mapped URL path [/**/favicon.ico] onto handler of type [class org.springframework.web.servlet.resource.ResourceHttpRequestHandler]
2023-01-30 15:40:55,547 INFO org.springframework.web.servlet.mvc.method.annotation.RequestMappingHandlerAdapter [main] Looking for @ControllerAdvice: org.springframework.boot.web.servlet.context.AnnotationConfigServletWebServerApplicationContext@5a63f509: startup date [Mon Jan 30 15:40:48 GMT+04:00 2023]; root of context hierarchy
2023-01-30 15:40:55,591 WARN org.springframework.boot.autoconfigure.orm.jpa.JpaBaseConfiguration$JpaWebConfiguration$JpaWebMvcConfiguration [main] spring.jpa.open-in-view is enabled by default. Therefore, database queries may be performed during view rendering. Explicitly configure spring.jpa.open-in-view to disable this warning
2023-01-30 15:40:55,625 INFO org.springframework.web.servlet.mvc.method.annotation.RequestMappingHandlerMapping [main] Mapped "{[/matches/{id}],methods=[GET]}" onto public org.springframework.http.ResponseEntity<com.example.SpringDemoBot.model.Match> com.example.SpringDemoBot.controller.MatchController.getMatchById(java.lang.Long) throws com.example.SpringDemoBot.exception.ResourceNotFoundException
2023-01-30 15:40:55,626 INFO org.springframework.web.servlet.mvc.method.annotation.RequestMappingHandlerMapping [main] Mapped "{[/getbyname/{name}],methods=[GET]}" onto public org.springframework.http.ResponseEntity<java.util.List<com.example.SpringDemoBot.model.Match>> com.example.SpringDemoBot.controller.MatchController.getMatchByName(java.lang.String) throws com.example.SpringDemoBot.exception.ResourceNotFoundException
2023-01-30 15:40:55,626 INFO org.springframework.web.servlet.mvc.method.annotation.RequestMappingHandlerMapping [main] Mapped "{[/getallstats],methods=[GET]}" onto public org.springframework.http.ResponseEntity<float[]> com.example.SpringDemoBot.controller.MatchController.getAllStats() throws com.example.SpringDemoBot.exception.ResourceNotFoundException
2023-01-30 15:40:55,627 INFO org.springframework.web.servlet.mvc.method.annotation.RequestMappingHandlerMapping [main] Mapped "{[/getrating],methods=[GET]}" onto public org.springframework.http.ResponseEntity<java.lang.String[]> com.example.SpringDemoBot.controller.MatchController.getRating() throws com.example.SpringDemoBot.exception.ResourceNotFoundException
2023-01-30 15:40:55,627 INFO org.springframework.web.servlet.mvc.method.annotation.RequestMappingHandlerMapping [main] Mapped "{[/matches],methods=[GET]}" onto public java.util.List<com.example.SpringDemoBot.model.Match> com.example.SpringDemoBot.controller.MatchController.getAllMatches()
2023-01-30 15:40:55,627 INFO org.springframework.web.servlet.mvc.method.annotation.RequestMappingHandlerMapping [main] Mapped "{[/getplayerstats/{name}],methods=[GET]}" onto public org.springframework.http.ResponseEntity<float[]> com.example.SpringDemoBot.controller.MatchController.getPlayerStats(java.lang.String) throws com.example.SpringDemoBot.exception.ResourceNotFoundException
2023-01-30 15:40:55,627 INFO org.springframework.web.servlet.mvc.method.annotation.RequestMappingHandlerMapping [main] Mapped "{[/getflash],methods=[GET]}" onto public org.springframework.http.ResponseEntity<java.lang.String[]> com.example.SpringDemoBot.controller.MatchController.getFlash() throws com.example.SpringDemoBot.exception.ResourceNotFoundException
2023-01-30 15:40:55,627 INFO org.springframework.web.servlet.mvc.method.annotation.RequestMappingHandlerMapping [main] Mapped "{[/getthreekill],methods=[GET]}" onto public org.springframework.http.ResponseEntity<java.lang.String[]> com.example.SpringDemoBot.controller.MatchController.getThreeKill() throws com.example.SpringDemoBot.exception.ResourceNotFoundException
2023-01-30 15:40:55,627 INFO org.springframework.web.servlet.mvc.method.annotation.RequestMappingHandlerMapping [main] Mapped "{[/getace],methods=[GET]}" onto public org.springframework.http.ResponseEntity<java.lang.String[]> com.example.SpringDemoBot.controller.MatchController.getAce() throws com.example.SpringDemoBot.exception.ResourceNotFoundException
2023-01-30 15:40:55,628 INFO org.springframework.web.servlet.mvc.method.annotation.RequestMappingHandlerMapping [main] Mapped "{[/getfourkill],methods=[GET]}" onto public org.springframework.http.ResponseEntity<java.lang.String[]> com.example.SpringDemoBot.controller.MatchController.getFourKill() throws com.example.SpringDemoBot.exception.ResourceNotFoundException
2023-01-30 15:40:55,628 INFO org.springframework.web.servlet.mvc.method.annotation.RequestMappingHandlerMapping [main] Mapped "{[/matches],methods=[POST]}" onto public com.example.SpringDemoBot.model.Match com.example.SpringDemoBot.controller.MatchController.createMatch(com.example.SpringDemoBot.model.Match)
2023-01-30 15:40:55,628 INFO org.springframework.web.servlet.mvc.method.annotation.RequestMappingHandlerMapping [main] Mapped "{[/matches/{id}],methods=[PUT]}" onto public org.springframework.http.ResponseEntity<com.example.SpringDemoBot.model.Match> com.example.SpringDemoBot.controller.MatchController.updateMatch(java.lang.Long,com.example.SpringDemoBot.model.Match) throws com.example.SpringDemoBot.exception.ResourceNotFoundException
2023-01-30 15:40:55,628 INFO org.springframework.web.servlet.mvc.method.annotation.RequestMappingHandlerMapping [main] Mapped "{[/getclutches],methods=[GET]}" onto public org.springframework.http.ResponseEntity<java.lang.String[]> com.example.SpringDemoBot.controller.MatchController.getClutches() throws com.example.SpringDemoBot.exception.ResourceNotFoundException
2023-01-30 15:40:55,628 INFO org.springframework.web.servlet.mvc.method.annotation.RequestMappingHandlerMapping [main] Mapped "{[/gettrade],methods=[GET]}" onto public org.springframework.http.ResponseEntity<java.lang.String[]> com.example.SpringDemoBot.controller.MatchController.getTrade() throws com.example.SpringDemoBot.exception.ResourceNotFoundException
2023-01-30 15:40:55,628 INFO org.springframework.web.servlet.mvc.method.annotation.RequestMappingHandlerMapping [main] Mapped "{[/matches/{id}],methods=[DELETE]}" onto public java.util.Map<java.lang.String, java.lang.Boolean> com.example.SpringDemoBot.controller.MatchController.deleteMatch(java.lang.Long) throws com.example.SpringDemoBot.exception.ResourceNotFoundException
2023-01-30 15:40:55,628 INFO org.springframework.web.servlet.mvc.method.annotation.RequestMappingHandlerMapping [main] Mapped "{[/getopenkill],methods=[GET]}" onto public org.springframework.http.ResponseEntity<java.lang.String[]> com.example.SpringDemoBot.controller.MatchController.getOpenKill() throws com.example.SpringDemoBot.exception.ResourceNotFoundException
2023-01-30 15:40:55,629 INFO org.springframework.web.servlet.mvc.method.annotation.RequestMappingHandlerMapping [main] Mapped "{[/getwallbang],methods=[GET]}" onto public org.springframework.http.ResponseEntity<java.lang.String[]> com.example.SpringDemoBot.controller.MatchController.getWallbang() throws com.example.SpringDemoBot.exception.ResourceNotFoundException
2023-01-30 15:40:55,631 INFO org.springframework.web.servlet.mvc.method.annotation.RequestMappingHandlerMapping [main] Mapped "{[/top/{id}],methods=[GET]}" onto public org.springframework.http.ResponseEntity<com.example.SpringDemoBot.model.Top> com.example.SpringDemoBot.controller.TopController.getTopById(java.lang.Long) throws com.example.SpringDemoBot.exception.ResourceNotFoundException
2023-01-30 15:40:55,632 INFO org.springframework.web.servlet.mvc.method.annotation.RequestMappingHandlerMapping [main] Mapped "{[/top/{id}],methods=[PUT]}" onto public org.springframework.http.ResponseEntity<com.example.SpringDemoBot.model.Top> com.example.SpringDemoBot.controller.TopController.updateTop(java.lang.Long,com.example.SpringDemoBot.model.Top) throws com.example.SpringDemoBot.exception.ResourceNotFoundException
2023-01-30 15:40:55,632 INFO org.springframework.web.servlet.mvc.method.annotation.RequestMappingHandlerMapping [main] Mapped "{[/top/{id}],methods=[DELETE]}" onto public java.util.Map<java.lang.String, java.lang.Boolean> com.example.SpringDemoBot.controller.TopController.deleteTop(java.lang.Long) throws com.example.SpringDemoBot.exception.ResourceNotFoundException
2023-01-30 15:40:55,632 INFO org.springframework.web.servlet.mvc.method.annotation.RequestMappingHandlerMapping [main] Mapped "{[/top/getbyyear/{year}],methods=[GET]}" onto public org.springframework.http.ResponseEntity<java.util.List<java.lang.String>> com.example.SpringDemoBot.controller.TopController.getYearTop(int)
2023-01-30 15:40:55,632 INFO org.springframework.web.servlet.mvc.method.annotation.RequestMappingHandlerMapping [main] Mapped "{[/top/create],methods=[POST]}" onto public com.example.SpringDemoBot.model.Top com.example.SpringDemoBot.controller.TopController.createTop(com.example.SpringDemoBot.model.Top)
2023-01-30 15:40:55,632 INFO org.springframework.web.servlet.mvc.method.annotation.RequestMappingHandlerMapping [main] Mapped "{[/top/getbyname/{name}],methods=[GET]}" onto public org.springframework.http.ResponseEntity<java.util.List<com.example.SpringDemoBot.model.Top>> com.example.SpringDemoBot.controller.TopController.getTopByName(java.lang.String) throws com.example.SpringDemoBot.exception.ResourceNotFoundException
2023-01-30 15:40:55,632 INFO org.springframework.web.servlet.mvc.method.annotation.RequestMappingHandlerMapping [main] Mapped "{[/top/all],methods=[GET]}" onto public java.util.List<com.example.SpringDemoBot.model.Top> com.example.SpringDemoBot.controller.TopController.getAllTop()
2023-01-30 15:40:55,633 INFO org.springframework.web.servlet.mvc.method.annotation.RequestMappingHandlerMapping [main] Mapped "{[/error]}" onto public org.springframework.http.ResponseEntity<java.util.Map<java.lang.String, java.lang.Object>> org.springframework.boot.autoconfigure.web.servlet.error.BasicErrorController.error(javax.servlet.http.HttpServletRequest)
2023-01-30 15:40:55,634 INFO org.springframework.web.servlet.mvc.method.annotation.RequestMappingHandlerMapping [main] Mapped "{[/error],produces=[text/html]}" onto public org.springframework.web.servlet.ModelAndView org.springframework.boot.autoconfigure.web.servlet.error.BasicErrorController.errorHtml(javax.servlet.http.HttpServletRequest,javax.servlet.http.HttpServletResponse)
2023-01-30 15:40:55,651 INFO org.springframework.web.servlet.handler.SimpleUrlHandlerMapping [main] Mapped URL path [/webjars/**] onto handler of type [class org.springframework.web.servlet.resource.ResourceHttpRequestHandler]
2023-01-30 15:40:55,651 INFO org.springframework.web.servlet.handler.SimpleUrlHandlerMapping [main] Mapped URL path [/**] onto handler of type [class org.springframework.web.servlet.resource.ResourceHttpRequestHandler]
2023-01-30 15:40:55,662 INFO org.springframework.web.servlet.mvc.method.annotation.ExceptionHandlerExceptionResolver [main] Detected @ExceptionHandler methods in globalExceptionHandler
2023-01-30 15:40:55,839 INFO org.springframework.jmx.export.annotation.AnnotationMBeanExporter [main] Registering beans for JMX exposure on startup
2023-01-30 15:40:55,840 INFO org.springframework.jmx.export.annotation.AnnotationMBeanExporter [main] Bean with name 'dataSource' has been autodetected for JMX exposure
2023-01-30 15:40:55,844 INFO org.springframework.jmx.export.annotation.AnnotationMBeanExporter [main] Located MBean 'dataSource': registering with JMX server as MBean [com.zaxxer.hikari:name=dataSource,type=HikariDataSource]
2023-01-30 15:40:55,971 INFO org.apache.coyote.http11.Http11NioProtocol [main] Starting ProtocolHandler ["http-nio-8080"]
2023-01-30 15:40:55,983 INFO org.apache.tomcat.util.net.NioSelectorPool [main] Using a shared selector for servlet write/read
2023-01-30 15:40:55,998 INFO org.springframework.boot.web.embedded.tomcat.TomcatWebServer [main] Tomcat started on port(s): 8080 (http) with context path ''
2023-01-30 15:40:56,001 INFO com.example.SpringDemoBot.Application [main] Started Application in 7.808 seconds (JVM running for 8.411)
2023-01-30 15:41:16,036 INFO com.example.SpringDemoBot.service.TelegramBot [Doceho Telegram Executor] Статистика Desmond
2023-01-30 15:41:16,143 INFO org.apache.catalina.core.ContainerBase.[Tomcat].[localhost].[/] [http-nio-8080-exec-1] Initializing Spring FrameworkServlet 'dispatcherServlet'
2023-01-30 15:41:16,143 INFO org.springframework.web.servlet.DispatcherServlet [http-nio-8080-exec-1] FrameworkServlet 'dispatcherServlet': initialization started
2023-01-30 15:41:16,163 INFO org.springframework.web.servlet.DispatcherServlet [http-nio-8080-exec-1] FrameworkServlet 'dispatcherServlet': initialization completed in 20 ms
2023-01-30 15:41:16,267 INFO org.hibernate.hql.internal.QueryTranslatorFactoryInitiator [http-nio-8080-exec-1] HHH000397: Using ASTQueryTranslatorFactory
2023-01-30 15:41:54,543 INFO com.example.SpringDemoBot.service.TelegramBot [Doceho Telegram Executor] Статистика BlackVision
2023-01-30 15:41:56,140 INFO com.example.SpringDemoBot.service.TelegramBot [Doceho Telegram Executor] /start
2023-01-30 15:41:57,506 INFO com.example.SpringDemoBot.service.TelegramBot [Doceho Telegram Executor] Вся статистика
2023-01-30 15:41:58,780 INFO com.example.SpringDemoBot.service.TelegramBot [Doceho Telegram Executor] Ну нажми, ну пожалуйста
2023-01-30 15:42:05,310 INFO org.springframework.boot.web.servlet.context.AnnotationConfigServletWebServerApplicationContext [Thread-6] Closing org.springframework.boot.web.servlet.context.AnnotationConfigServletWebServerApplicationContext@5a63f509: startup date [Mon Jan 30 15:40:48 GMT+04:00 2023]; root of context hierarchy
2023-01-30 15:42:05,312 INFO org.springframework.jmx.export.annotation.AnnotationMBeanExporter [Thread-6] Unregistering JMX-exposed beans on shutdown
2023-01-30 15:42:05,312 INFO org.springframework.jmx.export.annotation.AnnotationMBeanExporter [Thread-6] Unregistering JMX-exposed beans
2023-01-30 15:42:05,313 INFO org.springframework.orm.jpa.LocalContainerEntityManagerFactoryBean [Thread-6] Closing JPA EntityManagerFactory for persistence unit 'default'
2023-01-30 15:42:05,314 INFO com.zaxxer.hikari.HikariDataSource [Thread-6] HikariPool-1 - Shutdown initiated...
2023-01-30 15:42:05,325 INFO com.zaxxer.hikari.HikariDataSource [Thread-6] HikariPool-1 - Shutdown completed.
